# JRE version: Java(TM) SE Runtime Environment (11.0.4+10) (build 11.0.4+10-LTS)
# Java VM: Java HotSpot(TM) 64-Bit Server VM (11.0.4+10-LTS, mixed mode, tiered, compressed oops, g1 gc, windows-amd64)
Heap:
 garbage-first heap   total 260096K, used 31979K [0x0000000702800000, 0x0000000800000000)
  region size 1024K, 30 young (30720K), 3 survivors (3072K)
 Metaspace       used 20037K, capacity 20392K, committed 20480K, reserved 1067008K
  class space    used 2145K, capacity 2246K, committed 2304K, reserved 1048576K
GC Heap History (6 events):
Event: 2.793 GC heap before
{Heap before GC invocations=0 (full 0):
 garbage-first heap   total 260096K, used 14336K [0x0000000702800000, 0x0000000800000000)
  region size 1024K, 14 young (14336K), 0 survivors (0K)
 Metaspace       used 10990K, capacity 11149K, committed 11392K, reserved 1058816K
  class space    used 1065K, capacity 1120K, committed 1152K, reserved 1048576K
}
Event: 2.804 GC heap after
{Heap after GC invocations=1 (full 0):
 garbage-first heap   total 260096K, used 3120K [0x0000000702800000, 0x0000000800000000)
  region size 1024K, 2 young (2048K), 2 survivors (2048K)
 Metaspace       used 10990K, capacity 11149K, committed 11392K, reserved 1058816K
  class space    used 1065K, capacity 1120K, committed 1152K, reserved 1048576K
}
Event: 3.560 GC heap before
{Heap before GC invocations=1 (full 0):
 garbage-first heap   total 260096K, used 13360K [0x0000000702800000, 0x0000000800000000)
  region size 1024K, 12 young (12288K), 2 survivors (2048K)
 Metaspace       used 12586K, capacity 12793K, committed 12928K, reserved 1060864K
  class space    used 1281K, capacity 1348K, committed 1408K, reserved 1048576K
}
Event: 3.564 GC heap after
{Heap after GC invocations=2 (full 0):
 garbage-first heap   total 260096K, used 3843K [0x0000000702800000, 0x0000000800000000)
  region size 1024K, 1 young (1024K), 1 survivors (1024K)
 Metaspace       used 12586K, capacity 12793K, committed 12928K, reserved 1060864K
  class space    used 1281K, capacity 1348K, committed 1408K, reserved 1048576K
}
Event: 6.795 GC heap before
{Heap before GC invocations=2 (full 0):
 garbage-first heap   total 260096K, used 33539K [0x0000000702800000, 0x0000000800000000)
  region size 1024K, 30 young (30720K), 1 survivors (1024K)
 Metaspace       used 17173K, capacity 17488K, committed 17664K, reserved 1064960K
  class space    used 1861K, capacity 1970K, committed 2048K, reserved 1048576K
}
Event: 6.798 GC heap after
{Heap after GC invocations=3 (full 0):
 garbage-first heap   total 260096K, used 5355K [0x0000000702800000, 0x0000000800000000)
  region size 1024K, 3 young (3072K), 3 survivors (3072K)
 Metaspace       used 17173K, capacity 17488K, committed 17664K, reserved 1064960K
  class space    used 1861K, capacity 1970K, committed 2048K, reserved 1048576K
}

